===2021-15-01 10:43:14  
Array
(
    [data] => 1:9.260:47.767:101283.620:ewicsnpocje14:0.000000000:10.395159721:0.000000000
)
===2021-15-01 10:48:21  
Array
(
    [data] => 1:11.979:46.801:101262.190:ewicsnpocje14:0.000000000:7.183650016:0.000000000
)
===2021-15-01 10:54:31  
Array
(
    [data] => 1:13.689:43.572:101255.080:ewicsnpocje14:0.000000000:13.211450576:0.000000000
)
===2021-15-01 10:59:26  
Array
(
    [data] => 1:14.239:41.866:101256.740:ewicsnpocje14:0.000000000:15.634630203:0.000000000
)
===2021-15-01 11:04:20  
Array
(
    [data] => 1:14.359:41.445:101255.990:ewicsnpocje14:0.000000000:16.973604202:0.000000000
)
===2021-15-01 11:09:21  
Array
(
    [data] => 1:14.359:40.725:101246.750:ewicsnpocje14:0.000000000:17.497789382:0.000000000
)
===2021-15-01 11:14:15  
Array
(
    [data] => 1:14.340:40.933:101236.480:ewicsnpocje14:0.000000000:17.626792907:0.000000000
)
===2021-15-01 11:19:10  
Array
(
    [data] => 1:14.300:40.918:101231.940:ewicsnpocje14:0.000000000:17.753307342:0.000000000
)
===2021-15-01 11:24:04  
Array
(
    [data] => 1:14.239:40.833:101238.550:ewicsnpocje14:0.000000000:17.839649200:0.000000000
)
===2021-15-01 11:28:59  
Array
(
    [data] => 1:14.180:40.730:101232.390:ewicsnpocje14:0.000000000:17.909450531:0.000000000
)
===2021-15-01 11:33:52  
Array
(
    [data] => 1:14.130:40.747:101229.760:ewicsnpocje14:0.000000000:17.941202163:0.000000000
)
===2021-15-01 11:38:53  
Array
(
    [data] => 1:14.069:40.863:101226.310:ewicsnpocje14:0.009220335:17.980831146:0.000000000
)
===2021-15-01 11:43:48  
Array
(
    [data] => 1:14.010:40.769:101215.850:ewicsnpocje14:0.001165970:18.000621795:0.000000000
)
===2021-15-01 11:48:44  
Array
(
    [data] => 1:13.960:40.475:101211.600:ewicsnpocje14:0.003657421:18.048774719:0.000000000
)
===2021-15-01 11:53:39  
Array
(
    [data] => 1:13.920:40.716:101212.990:ewicsnpocje14:0.000000000:18.054418563:0.000000000
)
===2021-15-01 11:58:33  
Array
(
    [data] => 1:13.890:40.435:101207.350:ewicsnpocje14:0.038330543:18.068361282:0.000000000
)
===2021-15-01 12:03:27  
Array
(
    [data] => 1:13.850:40.632:101213.360:ewicsnpocje14:0.023912749:18.072576522:0.000000000
)
===2021-15-01 12:08:22  
Array
(
    [data] => 1:13.829:40.375:101202.310:ewicsnpocje14:0.050161161:18.089126586:0.000000000
)
===2021-15-01 15:23:56  
Array
(
)
===2021-15-01 16:35:36  
Array
(
)
===2021-16-01 08:28:47  
Array
(
    [data] => 1:11.989:44.381:101125.900:ewicsnpocje14:0.077901010:0.005268745:0.000000000
)
===2021-16-01 09:02:46  
Array
(
    [data] => 1:11.930:44.089:101114.320:ewicsnpocje14:0.071756148:0.007261133:0.000000000
)
===2021-16-01 09:11:45  
Array
(
    [data] => 1:11.930:44.442:101115.420:ewicsnpocje14:0.094353380:0.004737443:0.000000000
)
===2021-16-01 09:20:44  
Array
(
    [data] => 1:11.909:44.286:101120.300:ewicsnpocje14:0.082856540:0.005534400:0.000000000
)
===2021-16-01 09:29:38  
Array
(
    [data] => 1:11.899:44.647:101102.480:ewicsnpocje14:0.107336878:0.009607725:0.000000000
)
===2021-16-01 09:38:32  
Array
(
    [data] => 1:11.890:44.570:101091.940:ewicsnpocje14:0.098367366:0.000929775:0.000000000
)
===2021-16-01 09:47:26  
Array
(
    [data] => 1:11.880:44.688:101077.610:ewicsnpocje14:0.092916259:0.007084024:0.000000000
)
===2021-16-01 09:56:33  
Array
(
    [data] => 1:11.880:44.646:101065.190:ewicsnpocje14:0.094303817:0.006906933:0.000000000
)
===2021-16-01 10:05:27  
Array
(
    [data] => 1:11.869:44.600:101071.390:ewicsnpocje14:0.096632919:0.012618434:0.000000000
)
===2021-16-01 10:14:26  
Array
(
    [data] => 1:11.859:44.687:101052.750:ewicsnpocje14:0.077157678:0.000000000:0.000000000
)
===2021-16-01 10:23:27  
Array
(
    [data] => 1:11.850:44.455:101045.740:ewicsnpocje14:0.084640531:0.004029041:0.000000000
)
===2021-16-01 10:35:55  
Array
(
    [data] => 1:11.850:45.038:101045.740:ewicsnpocje14:0.074878129:0.006862651:0.000000000
)
===2021-16-01 10:57:43  
Array
(
    [data] => 1:11.829:44.564:101018.990:ewicsnpocje14:0.089447412:0.008456556:0.000000000
)
===2021-16-01 11:09:45  
Array
(
    [data] => 1:11.789:44.327:100991.720:ewicsnpocje14:0.085235195:0.000221382:0.000000000
)
===2021-16-01 11:18:24  
Array
(
    [data] => 1:11.779:45.295:100975.780:ewicsnpocje14:0.083352098:0.006597005:0.000000000
)
===2021-16-01 11:33:21  
Array
(
    [data] => 1:11.770:44.799:100964.180:ewicsnpocje14:0.000000000:0.000000000:0.000000000
)
===2021-16-01 11:45:35  
Array
(
    [data] => 1:11.760:44.799:100944.700:ewicsnpocje14:0.102876913:0.014787914:0.000000000
)
===2021-16-01 11:57:51  
Array
(
    [data] => 1:11.750:44.840:100940.380:ewicsnpocje14:0.097871809:0.011910022:0.000000000
)
===2021-16-01 12:10:00  
Array
(
    [data] => 1:11.729:44.840:100944.990:ewicsnpocje14:0.102629113:0.011998579:0.000000000
)
===2021-16-01 12:22:16  
Array
(
    [data] => 1:11.729:44.565:100932.280:ewicsnpocje14:0.086424531:0.012219960:0.000000000
)
===2021-16-01 12:34:27  
Array
(
    [data] => 1:11.739:44.807:100940.680:ewicsnpocje14:0.064967064:0.010493218:0.000000000
)
===2021-16-01 12:46:46  
Array
(
    [data] => 1:11.739:44.786:100933.080:ewicsnpocje14:0.109170436:0.011113073:0.000000000
)
===2021-16-01 12:58:56  
Array
(
    [data] => 1:11.739:44.786:100929.560:ewicsnpocje14:0.108327984:0.010980256:0.000000000
)
===2021-16-01 13:11:11  
Array
(
    [data] => 1:11.729:44.730:100926.060:ewicsnpocje14:0.083748531:0.008058082:0.000000000
)
===2021-16-01 13:23:21  
Array
(
    [data] => 1:11.720:44.751:100923.650:ewicsnpocje14:0.089546508:0.012972626:0.000000000
)
===2021-16-01 13:35:31  
Array
(
    [data] => 1:11.720:44.708:100933.650:ewicsnpocje14:0.094898490:0.011555821:0.000000000
)
===2021-16-01 13:47:41  
Array
(
    [data] => 1:11.710:44.739:100944.750:ewicsnpocje14:0.096484260:0.011821477:0.000000000
)
===2021-16-01 13:59:51  
Array
(
    [data] => 1:11.689:44.726:100950.150:ewicsnpocje14:0.087564296:0.012485606:0.000000000
)
===2021-16-01 14:12:02  
Array
(
    [data] => 1:11.680:44.690:100949.620:ewicsnpocje14:0.096484260:0.010493227:0.000000000
)
===2021-16-01 14:24:11  
Array
(
    [data] => 1:11.680:44.746:100961.520:ewicsnpocje14:0.083451194:0.009474887:0.000000000
)
===2021-16-01 14:36:22  
Array
(
    [data] => 1:11.649:44.709:100942.100:ewicsnpocje14:0.085582084:0.013548212:0.000000000
)
===2021-16-01 14:48:31  
Array
(
    [data] => 1:11.630:44.686:100949.690:ewicsnpocje14:0.106940448:0.012087123:0.000000000
)
===2021-16-01 15:00:42  
Array
(
    [data] => 1:11.619:44.696:100948.880:ewicsnpocje14:0.089050951:0.008589393:0.000000000
)
===2021-16-01 15:12:52  
Array
(
    [data] => 1:11.600:44.706:100952.950:ewicsnpocje14:0.093808279:0.015850517:0.000000000
)
===2021-16-01 15:25:02  
Array
(
    [data] => 1:11.579:44.692:100974.320:ewicsnpocje14:0.097029380:0.011068801:0.000000000
)
===2021-16-01 15:37:12  
Array
(
    [data] => 1:11.560:44.690:100979.740:ewicsnpocje14:0.085730762:0.009651996:0.000000000
)
===2021-16-01 15:49:38  
Array
(
    [data] => 1:11.550:44.634:100987.020:ewicsnpocje14:0.080477886:0.011954305:0.000000000
)
===2021-16-01 16:01:48  
Array
(
    [data] => 1:11.550:44.655:101000.820:ewicsnpocje14:0.089001407:0.016248993:0.000000000
)
===2021-16-01 16:13:58  
Array
(
    [data] => 1:11.539:44.644:101008.940:ewicsnpocje14:0.096434698:0.008899312:0.000000000
)
===2021-16-01 16:26:09  
Array
(
    [data] => 1:11.529:44.610:101024.350:ewicsnpocje14:0.082559213:0.011688649:0.000000000
)
===2021-16-01 16:38:19  
Array
(
    [data] => 1:11.510:44.544:101128.110:ewicsnpocje14:0.102678680:0.011777204:0.000000000
)
===2021-16-01 16:50:28  
Array
(
    [data] => 1:11.520:44.531:101041.920:ewicsnpocje14:0.084144983:0.014035241:0.000000000
)
===2021-16-01 17:02:43  
Array
(
    [data] => 1:11.500:44.508:101034.100:ewicsnpocje14:0.085235195:0.017975726:0.000000000
)
===2021-16-01 17:14:53  
Array
(
    [data] => 1:11.479:44.474:101041.400:ewicsnpocje14:0.062885732:0.014920742:0.000000000
)
===2021-16-01 17:27:03  
Array
(
    [data] => 1:11.479:44.386:101048.700:ewicsnpocje14:0.072697691:0.008190910:0.000000000
)
===2021-16-01 17:39:12  
Array
(
    [data] => 1:11.489:44.306:101056.280:ewicsnpocje14:0.093064937:0.013194011:0.000000000
)
===2021-16-01 17:51:22  
Array
(
    [data] => 1:11.460:44.141:101058.180:ewicsnpocje14:0.083451204:0.013725311:0.000000000
)
===2021-16-01 18:03:33  
Array
(
    [data] => 1:11.449:43.799:101059.550:ewicsnpocje14:0.085780315:0.012529881:0.000000000
)
===2021-16-01 18:15:55  
Array
(
    [data] => 1:11.439:43.577:101077.640:ewicsnpocje14:0.100795578:0.010980247:0.000000000
)
===2021-16-01 18:28:04  
Array
(
    [data] => 1:11.390:43.497:101099.810:ewicsnpocje14:0.101885807:0.013194011:0.000000000
)
===2021-16-01 18:40:14  
Array
(
    [data] => 1:11.369:43.350:101104.980:ewicsnpocje14:0.084045867:0.008899312:0.000000000
)
===2021-16-01 18:52:25  
Array
(
    [data] => 1:11.340:43.250:101112.550:ewicsnpocje14:0.082955656:0.010448945:0.000000000
)
===2021-16-01 19:04:35  
Array
(
    [data] => 1:11.319:43.158:101101.500:ewicsnpocje14:0.103818440:0.009829097:0.000000000
)
===2021-16-01 19:16:47  
Array
(
    [data] => 1:11.289:42.739:101113.650:ewicsnpocje14:0.084937868:0.006242803:0.000000000
)
===2021-16-01 19:29:04  
Array
(
    [data] => 1:11.270:42.913:101141.750:ewicsnpocje14:0.098268260:0.014256613:0.000000000
)
===2021-16-01 19:41:13  
Array
(
    [data] => 1:11.250:42.679:101136.940:ewicsnpocje14:0.089843845:0.011378730:0.000000000
)
===2021-16-01 19:53:30  
Array
(
    [data] => 1:11.210:42.654:101127.500:ewicsnpocje14:0.083252983:0.014655086:0.000000000
)
===2021-16-01 20:05:40  
Array
(
    [data] => 1:11.189:42.529:101127.250:ewicsnpocje14:0.109170436:0.010758875:0.000000000
)
===2021-16-01 20:17:50  
Array
(
    [data] => 1:11.140:42.339:101130.500:ewicsnpocje14:0.100101804:0.013813855:0.000000000
)
===2021-16-01 20:30:01  
Array
(
    [data] => 1:11.130:42.491:101134.560:ewicsnpocje14:0.092569389:0.014965015:0.000000000
)
===2021-16-01 20:42:11  
Array
(
    [data] => 1:11.109:42.137:101126.220:ewicsnpocje14:0.098714246:0.013016909:0.000000000
)
===2021-16-01 20:54:21  
Array
(
    [data] => 1:11.079:42.036:101138.100:ewicsnpocje14:0.094848937:0.017223050:0.000000000
)
===2021-16-01 21:06:31  
Array
(
    [data] => 1:11.050:42.529:101153.240:ewicsnpocje14:0.091875610:0.015230661:0.000000000
)
===2021-16-01 21:18:41  
Array
(
    [data] => 1:11.020:42.646:101157.010:ewicsnpocje14:0.070616369:0.017090224:0.000000000
)
===2021-16-01 21:30:51  
Array
(
    [data] => 1:10.989:41.929:101154.060:ewicsnpocje14:0.089496946:0.015584862:0.000000000
)
===2021-16-01 21:43:01  
Array
(
    [data] => 1:10.970:41.871:101147.320:ewicsnpocje14:0.095691385:0.016426093:0.000000000
)
===2021-16-01 21:55:11  
Array
(
    [data] => 1:10.939:41.923:101140.600:ewicsnpocje14:0.083946762:0.016116173:0.000000000
)
===2021-16-01 22:07:21  
Array
(
    [data] => 1:10.909:41.867:101124.120:ewicsnpocje14:0.099209794:0.016913123:0.000000000
)
===2021-16-01 22:19:31  
Array
(
    [data] => 1:10.890:42.184:101122.510:ewicsnpocje14:0.098416919:0.011644377:0.000000000
)
===2021-16-01 22:31:41  
Array
(
    [data] => 1:10.890:41.686:101109.300:ewicsnpocje14:0.083798084:0.011511549:0.000000000
)
===2021-16-01 22:43:51  
Array
(
    [data] => 1:10.859:41.070:101114.150:ewicsnpocje14:0.109566879:0.016647476:0.000000000
)
===2021-16-01 22:56:01  
Array
(
    [data] => 1:10.840:41.531:101110.940:ewicsnpocje14:0.070467705:0.016691746:0.000000000
)
===2021-16-01 23:08:11  
Array
(
    [data] => 1:10.810:41.263:101101.500:ewicsnpocje14:0.086523628:0.015850529:0.000000000
)
===2021-16-01 23:20:21  
Array
(
    [data] => 1:10.779:41.435:101129.020:ewicsnpocje14:0.076563005:0.015009288:0.000000000
)
===2021-16-01 23:32:31  
Array
(
    [data] => 1:10.750:41.401:101121.490:ewicsnpocje14:0.083352098:0.017754352:0.000000000
)
===2021-16-01 23:44:41  
Array
(
    [data] => 1:10.750:41.420:101125.260:ewicsnpocje14:0.078446111:0.013503938:0.000000000
)
===2021-16-01 23:56:51  
Array
(
    [data] => 1:10.720:41.287:101119.350:ewicsnpocje14:0.086374959:0.014787914:0.000000000
)
===2021-17-01 00:09:14  
Array
(
    [data] => 1:10.710:41.243:101126.900:ewicsnpocje14:0.088208522:0.021163537:0.000000000
)
===2021-17-01 00:21:24  
Array
(
    [data] => 1:10.689:41.131:101155.780:ewicsnpocje14:0.095344486:0.011511549:0.000000000
)
===2021-17-01 00:33:34  
Array
(
    [data] => 1:10.659:41.096:101164.400:ewicsnpocje14:0.084590969:0.014389431:0.000000000
)
===2021-17-01 00:45:44  
Array
(
    [data] => 1:10.659:41.017:101159.300:ewicsnpocje14:0.097227582:0.012662708:0.000000000
)
===2021-17-01 00:57:54  
Array
(
    [data] => 1:10.649:40.917:101139.060:ewicsnpocje14:0.087663402:0.023155927:0.000000000
)
===2021-17-01 01:10:04  
Array
(
    [data] => 1:10.619:40.784:101145.520:ewicsnpocje14:0.104413115:0.015717699:0.000000000
)
===2021-17-01 01:22:14  
Array
(
    [data] => 1:10.590:40.903:101136.900:ewicsnpocje14:0.090785388:0.015894800:0.000000000
)
===2021-17-01 01:34:24  
Array
(
    [data] => 1:10.579:41.373:101158.760:ewicsnpocje14:0.101836240:0.017444433:0.000000000
)
===2021-17-01 01:46:34  
Array
(
    [data] => 1:10.560:40.755:101179.810:ewicsnpocje14:0.074878129:0.016381821:0.000000000
)
===2021-17-01 01:58:44  
Array
(
    [data] => 1:10.539:40.654:101188.450:ewicsnpocje14:0.094254264:0.018994056:0.000000000
)
===2021-17-01 02:10:54  
Array
(
    [data] => 1:10.489:40.990:101177.680:ewicsnpocje14:0.104660892:0.011511549:0.000000000
)
===2021-17-01 02:23:04  
Array
(
    [data] => 1:10.460:40.219:101177.940:ewicsnpocje14:0.113283514:0.017311596:0.000000000
)
===2021-17-01 02:35:14  
Array
(
    [data] => 1:10.449:40.285:101184.690:ewicsnpocje14:0.105007779:0.015806245:0.000000000
)
===2021-17-01 02:47:24  
Array
(
    [data] => 1:10.430:40.502:101191.440:ewicsnpocje14:0.101984906:0.012884081:0.000000000
)
===2021-17-01 02:59:35  
Array
(
    [data] => 1:10.409:40.226:101215.700:ewicsnpocje14:0.067940382:0.014477986:0.000000000
)
===2021-17-01 03:11:46  
Array
(
    [data] => 1:10.390:40.443:101213.580:ewicsnpocje14:0.103768897:0.016116173:0.000000000
)
===2021-17-01 03:23:56  
Array
(
    [data] => 1:10.359:40.891:101216.550:ewicsnpocje14:0.078545227:0.012042851:0.000000000
)
===2021-17-01 03:36:06  
Array
(
    [data] => 1:10.340:40.661:101225.190:ewicsnpocje14:0.085780315:0.012352778:0.000000000
)
===2021-17-01 03:48:16  
Array
(
    [data] => 1:10.329:40.372:101239.750:ewicsnpocje14:0.092172946:0.009961925:0.000000000
)
===2021-17-01 04:00:26  
Array
(
    [data] => 1:10.310:40.292:101255.390:ewicsnpocje14:0.089050951:0.016116173:0.000000000
)
===2021-17-01 04:12:36  
Array
(
    [data] => 1:10.279:40.247:101265.100:ewicsnpocje14:0.104363560:0.017178776:0.000000000
)
===2021-17-01 04:24:46  
Array
(
    [data] => 1:10.250:40.244:101283.420:ewicsnpocje14:0.094155168:0.016824567:0.000000000
)
===2021-17-01 04:37:02  
Array
(
    [data] => 1:10.220:40.186:101282.080:ewicsnpocje14:0.105651998:0.013858129:0.000000000
)
===2021-17-01 04:49:12  
Array
(
    [data] => 1:10.210:40.164:101295.820:ewicsnpocje14:0.096137371:0.016691746:0.000000000
)
===2021-17-01 05:01:22  
Array
(
    [data] => 1:10.189:40.107:101297.980:ewicsnpocje14:0.107832443:0.020278034:0.000000000
)
===2021-17-01 05:13:32  
Array
(
    [data] => 1:10.170:40.049:101313.350:ewicsnpocje14:0.098416919:0.009164958:0.000000000
)
===2021-17-01 05:25:43  
Array
(
    [data] => 1:10.149:40.058:101323.010:ewicsnpocje14:0.070765042:0.014876461:0.000000000
)
===2021-17-01 05:37:53  
Array
(
    [data] => 1:10.109:39.978:101310.880:ewicsnpocje14:0.098862915:0.019835295:0.000000000
)
===2021-17-01 05:50:03  
Array
(
    [data] => 1:10.079:39.987:101313.280:ewicsnpocje14:0.088010301:0.009784816:0.000000000
)
===2021-17-01 06:02:12  
Array
(
    [data] => 1:10.060:39.920:101310.860:ewicsnpocje14:0.091132278:0.009873371:0.000000000
)
===2021-17-01 06:14:23  
Array
(
    [data] => 1:10.039:39.863:101298.450:ewicsnpocje14:0.100250470:0.011378720:0.000000000
)
===2021-17-01 06:26:33  
Array
(
    [data] => 1:10.039:39.829:101300.610:ewicsnpocje14:0.078198337:0.021252102:0.000000000
)
===2021-17-01 06:38:43  
Array
(
    [data] => 1:10.029:39.807:101313.280:ewicsnpocje14:0.104859113:0.010183298:0.000000000
)
===2021-17-01 06:50:53  
Array
(
    [data] => 1:10.029:39.773:101317.050:ewicsnpocje14:0.088902292:0.009430616:0.000000000
)
===2021-17-01 07:03:02  
Array
(
    [data] => 1:10.020:39.762:101320.550:ewicsnpocje14:0.086920080:0.013282563:0.000000000
)
===2021-17-01 07:15:12  
Array
(
    [data] => 1:10.050:39.609:101331.060:ewicsnpocje14:0.091875610:0.009519170:0.000000000
)
===2021-17-01 07:27:28  
Array
(
    [data] => 1:10.069:39.875:101349.400:ewicsnpocje14:0.090091619:0.015319216:0.000000000
)
===2021-17-01 07:39:39  
Array
(
    [data] => 1:10.100:39.705:101344.300:ewicsnpocje14:0.080031881:0.017134505:0.000000000
)
===2021-17-01 07:51:49  
Array
(
    [data] => 1:10.140:39.685:101364.260:ewicsnpocje14:0.070765027:0.008810757:0.000000000
)
===2021-17-01 08:04:00  
Array
(
    [data] => 1:10.140:39.947:101367.220:ewicsnpocje14:0.092321605:0.018816957:0.000000000
)
===2021-17-01 08:16:09  
Array
(
    [data] => 1:10.109:39.397:101357.780:ewicsnpocje14:0.088852739:0.013858138:0.000000000
)
===2021-17-01 08:28:20  
Array
(
    [data] => 1:10.109:39.659:101382.050:ewicsnpocje14:0.067494387:0.017842906:0.000000000
)
===2021-17-01 08:40:30  
Array
(
    [data] => 1:10.079:39.678:101402.250:ewicsnpocje14:0.091677379:0.013149726:0.000000000
)
===2021-17-01 08:52:40  
Array
(
    [data] => 1:10.069:39.777:101419.500:ewicsnpocje14:0.086275863:0.013371111:0.000000000
)
===2021-17-01 09:04:50  
Array
(
    [data] => 1:10.060:39.689:101420.580:ewicsnpocje14:0.080477886:0.013016909:0.000000000
)
===2021-17-01 09:16:59  
Array
(
    [data] => 1:10.039:39.643:101421.650:ewicsnpocje14:0.104561781:0.015584873:0.000000000
)
===2021-17-01 09:29:09  
Array
(
    [data] => 1:10.029:39.500:101405.750:ewicsnpocje14:0.099804477:0.016204720:0.000000000
)
===2021-17-01 09:41:19  
Array
(
    [data] => 1:10.029:39.399:101387.940:ewicsnpocje14:0.091528720:0.014433715:0.000000000
)
===2021-17-01 09:53:29  
Array
(
    [data] => 1:10.020:39.816:101387.940:ewicsnpocje14:0.079486780:0.016824567:0.000000000
)
===2021-17-01 10:05:39  
Array
(
    [data] => 1:10.000:39.115:101380.940:ewicsnpocje14:0.090190715:0.020720791:0.000000000
)
===2021-17-01 10:17:56  
Array
(
    [data] => 1:9.989:39.177:101373.110:ewicsnpocje14:0.077108116:0.016426103:0.000000000
)
===2021-17-01 10:30:06  
Array
(
    [data] => 1:9.979:39.197:101343.180:ewicsnpocje14:0.094353380:0.007925264:0.000000000
)
===2021-17-01 10:42:16  
Array
(
    [data] => 1:9.960:39.515:101328.890:ewicsnpocje14:0.093312721:0.014212341:0.000000000
)
===2021-17-01 10:54:26  
Array
(
    [data] => 1:9.970:39.042:101290.890:ewicsnpocje14:0.089150066:0.022890281:0.000000000
)
===2021-17-01 11:06:36  
Array
(
    [data] => 1:9.979:38.990:101272.820:ewicsnpocje14:0.076909904:0.013415393:0.000000000
)
===2021-17-01 11:18:45  
Array
(
    [data] => 1:9.989:39.010:101279.020:ewicsnpocje14:0.075869231:0.010847419:0.000000000
)
===2021-17-01 11:30:56  
Array
(
    [data] => 1:9.989:39.012:101264.480:ewicsnpocje14:0.086275863:0.014832187:0.000000000
)
===2021-17-01 11:43:06  
Array
(
    [data] => 1:10.000:38.991:101259.890:ewicsnpocje14:0.097277154:0.010404672:0.000000000
)
===2021-17-01 11:55:15  
Array
(
    [data] => 1:10.010:39.015:101248.020:ewicsnpocje14:0.098763809:0.013902412:0.000000000
)
===2021-17-01 12:07:25  
Array
(
    [data] => 1:10.000:38.860:101242.650:ewicsnpocje14:0.091627845:0.016691746:0.000000000
)
===2021-17-01 12:19:36  
Array
(
    [data] => 1:10.010:39.147:101239.950:ewicsnpocje14:0.092718048:0.009696269:0.000000000
)
===2021-17-01 12:31:45  
Array
(
    [data] => 1:10.020:38.696:101229.980:ewicsnpocje14:0.100696456:0.013149726:0.000000000
)
===2021-17-01 12:43:56  
Array
(
    [data] => 1:10.020:38.542:101219.190:ewicsnpocje14:0.084095420:0.017400152:0.000000000
)
===2021-17-01 12:56:06  
Array
(
    [data] => 1:10.020:39.027:101224.600:ewicsnpocje14:0.094948043:0.020986437:0.000000000
)
===2021-17-01 13:08:16  
Array
(
    [data] => 1:10.010:38.972:101208.400:ewicsnpocje14:0.098565587:0.016248993:0.000000000
)
===2021-17-01 13:20:26  
Array
(
    [data] => 1:10.010:39.279:101193.050:ewicsnpocje14:0.085532531:0.018949784:0.000000000
)
===2021-17-01 13:32:36  
Array
(
    [data] => 1:10.020:38.939:101211.920:ewicsnpocje14:0.088753614:0.015496318:0.000000000
)
===2021-17-01 13:44:47  
Array
(
    [data] => 1:10.020:38.904:101219.190:ewicsnpocje14:0.085928974:0.016204720:0.000000000
)
===2021-17-01 13:57:06  
Array
(
    [data] => 1:10.020:38.938:101236.190:ewicsnpocje14:0.073887019:0.015629146:0.000000000
)
===2021-17-01 14:09:15  
Array
(
    [data] => 1:10.020:38.685:101238.060:ewicsnpocje14:0.095146274:0.014965015:0.000000000
)
===2021-17-01 14:21:26  
Array
(
    [data] => 1:10.029:39.180:101236.990:ewicsnpocje14:0.071211032:0.019303987:0.000000000
)
===2021-17-01 14:33:35  
Array
(
    [data] => 1:10.020:38.829:101246.980:ewicsnpocje14:0.082806978:0.008456565:0.000000000
)
===2021-17-01 14:45:46  
Array
(
    [data] => 1:10.020:38.774:101255.860:ewicsnpocje14:0.095047168:0.011644377:0.000000000
)
===2021-17-01 14:57:56  
Array
(
    [data] => 1:10.029:38.456:101237.250:ewicsnpocje14:0.082162771:0.006862651:0.000000000
)
===2021-17-01 15:10:06  
Array
(
    [data] => 1:10.020:38.597:101236.190:ewicsnpocje14:0.093956947:0.016470375:0.000000000
)
===2021-17-01 15:22:19  
Array
(
    [data] => 1:10.020:38.795:101238.060:ewicsnpocje14:0.077851448:0.016736023:0.000000000
)
===2021-17-01 15:34:29  
Array
(
    [data] => 1:10.020:38.805:101234.300:ewicsnpocje14:0.099110689:0.017090224:0.000000000
)
===2021-17-01 15:46:38  
Array
(
    [data] => 1:10.010:38.619:101240.760:ewicsnpocje14:0.074531245:0.016691746:0.000000000
)
===2021-17-01 15:58:49  
Array
(
    [data] => 1:10.000:38.817:101248.020:ewicsnpocje14:0.079536323:0.013459656:0.000000000
)
===2021-17-01 16:10:59  
Array
(
    [data] => 1:10.000:38.760:101251.000:ewicsnpocje14:0.086969623:0.009784816:0.000000000
)
===2021-17-01 16:23:09  
Array
(
    [data] => 1:9.989:38.935:101260.150:ewicsnpocje14:0.091925172:0.007039752:0.000000000
)
===2021-17-01 16:35:19  
Array
(
    [data] => 1:9.979:38.979:101273.640:ewicsnpocje14:0.093857822:0.010360398:0.000000000
)
===2021-17-01 16:47:29  
Array
(
    [data] => 1:9.989:39.056:101269.880:ewicsnpocje14:0.071954364:0.009430616:0.000000000
)
===2021-17-01 16:59:39  
Array
(
    [data] => 1:9.949:39.183:101288.720:ewicsnpocje14:0.080923881:0.013326836:0.000000000
)
===2021-17-01 17:11:49  
Array
(
    [data] => 1:9.920:39.313:101306.240:ewicsnpocje14:0.064421944:0.006906933:0.000000000
)
===2021-17-01 17:23:59  
Array
(
    [data] => 1:9.909:38.905:101307.580:ewicsnpocje14:0.088803176:0.014477996:0.000000000
)
===2021-17-01 17:36:09  
Array
(
    [data] => 1:9.899:39.432:101304.880:ewicsnpocje14:0.109765089:0.012618424:0.000000000
)
===2021-17-01 17:48:19  
Array
(
    [data] => 1:9.899:39.454:101311.350:ewicsnpocje14:0.095691385:0.015540590:0.000000000
)
===2021-17-01 18:00:29  
Array
(
    [data] => 1:9.890:39.365:101307.580:ewicsnpocje14:0.105453777:0.007128306:0.000000000
)
===2021-17-01 18:12:39  
Array
(
    [data] => 1:9.869:39.418:101330.220:ewicsnpocje14:0.084888305:0.013725311:0.000000000
)
===2021-17-01 18:24:49  
Array
(
    [data] => 1:9.859:39.408:101308.900:ewicsnpocje14:0.095988693:0.006641277:0.000000000
)
===2021-17-01 18:36:59  
Array
(
    [data] => 1:9.859:39.451:101316.190:ewicsnpocje14:0.097277145:0.011821477:0.000000000
)
===2021-17-01 18:49:09  
Array
(
    [data] => 1:9.840:39.251:101322.650:ewicsnpocje14:0.076315236:0.010139017:0.000000000
)
===2021-17-01 19:01:20  
Array
(
    [data] => 1:9.850:39.186:101331.810:ewicsnpocje14:0.061399073:0.005401573:0.000000000
)
===2021-17-01 19:13:30  
Array
(
    [data] => 1:9.840:39.416:101340.980:ewicsnpocje14:0.084095420:0.007349680:0.000000000
)
===2021-17-01 19:25:40  
Array
(
    [data] => 1:9.819:39.292:101349.310:ewicsnpocje14:0.092272052:0.010227572:0.000000000
)
===2021-17-01 19:37:50  
Array
(
    [data] => 1:9.789:39.291:101362.250:ewicsnpocje14:0.098516025:0.014743642:0.000000000
)
===2021-17-01 19:50:01  
Array
(
    [data] => 1:9.779:39.267:101364.390:ewicsnpocje14:0.068683714:0.009342059:0.000000000
)
===2021-17-01 20:02:13  
Array
(
    [data] => 1:9.760:39.243:101372.740:ewicsnpocje14:0.100399124:0.012529881:0.000000000
)
===2021-17-01 20:14:29  
Array
(
    [data] => 1:9.739:39.429:101384.850:ewicsnpocje14:0.092618951:0.005401573:0.000000000
)
===2021-17-01 20:26:45  
Array
(
    [data] => 1:9.720:39.152:101389.690:ewicsnpocje14:0.106544005:0.014300885:0.000000000
)
===2021-17-01 20:39:07  
Array
(
    [data] => 1:9.699:39.348:101401.520:ewicsnpocje14:0.065611276:0.011422994:0.000000000
)
===2021-17-01 20:51:17  
Array
(
    [data] => 1:9.680:39.653:101412.580:ewicsnpocje14:0.075522351:0.014079512:0.000000000
)
===2021-17-01 21:03:28  
Array
(
    [data] => 1:9.670:39.202:101422.810:ewicsnpocje14:0.077603673:0.019613914:0.000000000
)
===2021-17-01 21:15:38  
Array
(
    [data] => 1:9.649:39.399:101431.150:ewicsnpocje14:0.076513457:0.012839808:0.000000000
)
===2021-17-01 21:27:48  
Array
(
    [data] => 1:9.649:39.342:101442.190:ewicsnpocje14:0.083451204:0.015230661:0.000000000
)
===2021-17-01 21:39:58  
Array
(
    [data] => 1:9.630:39.472:101454.020:ewicsnpocje14:0.094997606:0.012397061:0.000000000
)
===2021-17-01 21:52:31  
Array
(
    [data] => 1:9.619:39.342:101461.300:ewicsnpocje14:0.090042076:0.013326828:0.000000000
)
===2021-17-01 22:04:51  
Array
(
    [data] => 1:9.600:39.340:101462.620:ewicsnpocje14:0.088604955:0.014787914:0.000000000
)
===2021-17-01 22:17:26  
Array
(
    [data] => 1:9.590:39.327:101469.100:ewicsnpocje14:0.083302545:0.012308506:0.000000000
)
===2021-17-01 22:29:37  
Array
(
    [data] => 1:9.600:39.327:101493.320:ewicsnpocje14:0.097128477:0.017090232:0.000000000
)
===2021-17-01 22:41:54  
Array
(
    [data] => 1:9.579:39.215:101490.900:ewicsnpocje14:0.073738360:0.015230669:0.000000000
)
===2021-17-01 22:54:05  
Array
(
    [data] => 1:9.569:39.227:101497.360:ewicsnpocje14:0.092718048:0.015230661:0.000000000
)
===2021-17-01 23:06:14  
Array
(
    [data] => 1:9.560:39.161:101507.310:ewicsnpocje14:0.088109407:0.014345168:0.000000000
)
===2021-17-01 23:18:24  
Array
(
    [data] => 1:9.550:39.105:101516.480:ewicsnpocje14:0.110310208:0.015097844:0.000000000
)
===2021-17-01 23:30:34  
Array
(
    [data] => 1:9.539:39.103:101531.000:ewicsnpocje14:0.090240287:0.018329927:0.000000000
)
===2021-17-01 23:42:44  
Array
(
    [data] => 1:9.520:39.101:101537.750:ewicsnpocje14:0.047969574:0.009607715:0.000000000
)
===2021-17-01 23:54:54  
Array
(
    [data] => 1:9.510:39.166:101547.720:ewicsnpocje14:0.073787918:0.012042851:0.000000000
)
===2021-18-01 00:07:04  
Array
(
    [data] => 1:9.500:39.121:101562.250:ewicsnpocje14:0.079288549:0.011378720:0.000000000
)
===2021-18-01 00:19:14  
Array
(
    [data] => 1:9.479:39.010:101567.080:ewicsnpocje14:0.105949342:0.017267323:0.000000000
)
===2021-18-01 00:31:24  
Array
(
    [data] => 1:9.479:39.185:101571.650:ewicsnpocje14:0.090785408:0.019658185:0.000000000
)
===2021-18-01 00:43:34  
Array
(
    [data] => 1:9.470:39.185:101587.000:ewicsnpocje14:0.089199628:0.013858138:0.000000000
)
===2021-18-01 00:55:44  
Array
(
    [data] => 1:9.449:39.228:101588.060:ewicsnpocje14:0.073589682:0.017045950:0.000000000
)
===2021-18-01 01:07:54  
Array
(
    [data] => 1:9.439:39.161:101593.720:ewicsnpocje14:0.103768897:0.013946685:0.000000000
)
===2021-18-01 01:20:04  
Array
(
    [data] => 1:9.420:39.212:101608.500:ewicsnpocje14:0.104165327:0.015097844:0.000000000
)
===2021-18-01 01:32:15  
Array
(
    [data] => 1:9.399:39.178:101627.610:ewicsnpocje14:0.089150066:0.013813855:0.000000000
)
===2021-18-01 01:44:24  
Array
(
    [data] => 1:9.359:39.153:101640.760:ewicsnpocje14:0.082955646:0.019303987:0.000000000
)
===2021-18-01 01:56:34  
Array
(
    [data] => 1:9.350:39.041:101627.000:ewicsnpocje14:0.089199628:0.010316118:0.000000000
)
===2021-18-01 02:08:45  
Array
(
    [data] => 1:9.329:39.336:101617.280:ewicsnpocje14:0.095542716:0.019392532:0.000000000
)
===2021-18-01 02:20:55  
Array
(
    [data] => 1:9.310:39.202:101624.000:ewicsnpocje14:0.085036983:0.016293273:0.000000000
)
===2021-18-01 02:33:04  
Array
(
    [data] => 1:9.279:39.453:101628.810:ewicsnpocje14:0.106791770:0.011024528:0.000000000
)
===2021-18-01 02:45:15  
Array
(
    [data] => 1:9.260:39.539:101644.400:ewicsnpocje14:0.076860337:0.017975726:0.000000000
)
===2021-18-01 02:57:25  
Array
(
    [data] => 1:9.239:39.755:101634.980:ewicsnpocje14:0.091677389:0.010271846:0.000000000
)
===2021-18-01 03:09:41  
Array
(
    [data] => 1:9.220:39.414:101643.280:ewicsnpocje14:0.098813362:0.015540590:0.000000000
)
===2021-18-01 03:21:51  
Array
(
    [data] => 1:9.180:39.389:101664.260:ewicsnpocje14:0.094848937:0.016868851:0.000000000
)
===2021-18-01 03:34:01  
Array
(
    [data] => 1:9.159:39.870:101659.390:ewicsnpocje14:0.085829858:0.014566541:0.000000000
)
===2021-18-01 03:46:11  
Array
(
    [data] => 1:9.149:39.453:101679.300:ewicsnpocje14:0.092073841:0.012884091:0.000000000
)
===2021-18-01 03:58:21  
Array
(
    [data] => 1:9.140:39.374:101699.200:ewicsnpocje14:0.093709173:0.015761964:0.000000000
)
===2021-18-01 04:10:30  
Array
(
    [data] => 1:9.130:39.351:101704.850:ewicsnpocje14:0.078594779:0.014876461:0.000000000
)
===2021-18-01 04:22:41  
Array
(
    [data] => 1:9.119:39.284:101719.360:ewicsnpocje14:0.089794292:0.020233762:0.000000000
)
===2021-18-01 04:34:50  
Array
(
    [data] => 1:9.109:39.328:101733.890:ewicsnpocje14:0.094006490:0.015230661:0.000000000
)
===2021-18-01 04:47:01  
Array
(
    [data] => 1:9.090:39.238:101746.780:ewicsnpocje14:0.107386445:0.011821477:0.000000000
)
===2021-18-01 04:59:10  
Array
(
    [data] => 1:9.060:39.115:101757.800:ewicsnpocje14:0.075274581:0.017311596:0.000000000
)
===2021-18-01 05:11:21  
Array
(
    [data] => 1:9.050:39.311:101778.760:ewicsnpocje14:0.101588463:0.013238282:0.000000000
)
===2021-18-01 05:23:30  
Array
(
    [data] => 1:9.029:39.221:101772.810:ewicsnpocje14:0.083847637:0.010935975:0.000000000
)
===2021-18-01 05:35:41  
Array
(
    [data] => 1:9.020:38.772:101782.760:ewicsnpocje14:0.066255502:0.018595582:0.000000000
)
===2021-18-01 05:49:01  
Array
(
    [data] => 1:9.010:39.032:101790.280:ewicsnpocje14:0.011595951:0.023244471:0.256209397
)
===2021-18-01 06:01:10  
Array
(
    [data] => 1:9.010:39.232:101791.100:ewicsnpocje14:0.079387664:0.006906933:0.000000000
)
===2021-18-01 06:13:21  
Array
(
    [data] => 1:9.039:39.376:101798.680:ewicsnpocje14:0.078049664:0.010847427:0.000000000
)
===2021-18-01 06:25:31  
Array
(
    [data] => 1:9.260:39.374:101808.650:ewicsnpocje14:0.105602443:0.000000000:0.000000000
)
===2021-18-01 06:37:41  
Array
(
    [data] => 1:9.619:39.692:101821.500:ewicsnpocje14:0.092172946:0.000000000:0.000000000
)
===2021-18-01 06:49:51  
Array
(
    [data] => 1:9.890:39.759:101840.420:ewicsnpocje14:0.056740865:0.000000000:0.000000000
)
===2021-18-01 07:02:01  
Array
(
    [data] => 1:10.109:40.505:101846.610:ewicsnpocje14:0.059565525:0.000000000:0.000000000
)
===2021-18-01 07:14:11  
Array
(
    [data] => 1:10.359:40.275:101874.120:ewicsnpocje14:0.059615082:0.000000000:0.000000000
)
===2021-18-01 07:35:49  
Array
(
    [data] => 1:10.680:40.470:101910.860:ewicsnpocje14:0.000000000:0.000000000:0.000000000
)
===2021-18-01 07:47:59  
Array
(
    [data] => 1:10.760:39.884:101915.800:ewicsnpocje14:0.030526089:0.000000000:1.689498519
)
===2021-18-01 08:00:09  
Array
(
    [data] => 1:10.560:39.096:101940.120:ewicsnpocje14:0.035977184:0.000000000:0.000000000
)
===2021-18-01 08:12:31  
Array
(
    [data] => 1:10.409:39.402:101962.110:ewicsnpocje14:0.016848816:0.000000000:0.000000000
)
===2021-18-01 08:24:41  
Array
(
    [data] => 1:10.609:39.782:101972.560:ewicsnpocje14:0.041230049:0.000000000:0.000000000
)
===2021-18-01 08:36:52  
Array
(
    [data] => 1:10.800:40.153:101960.100:ewicsnpocje14:0.034440965:0.000000000:0.000000000
)
===2021-18-01 08:49:01  
Array
(
    [data] => 1:10.989:40.125:101954.890:ewicsnpocje14:0.011645509:0.000000000:0.000000000
)
===2021-18-01 09:01:25  
Array
(
    [data] => 1:11.140:40.381:101944.490:ewicsnpocje14:0.007086415:0.000000000:0.000000000
)
===2021-18-01 09:13:34  
Array
(
    [data] => 1:11.270:39.832:101954.810:ewicsnpocje14:0.024529902:0.000000000:0.000000000
)
===2021-18-01 09:25:45  
Array
(
    [data] => 1:11.369:39.875:101949.500:ewicsnpocje14:0.022795457:0.000000000:0.000000000
)
===2021-18-01 09:37:54  
Array
(
    [data] => 1:11.619:39.677:101942.620:ewicsnpocje14:0.037067394:0.000000000:0.000000000
)
===2021-18-01 09:50:04  
Array
(
    [data] => 1:11.689:39.782:101943.220:ewicsnpocje14:0.023142347:0.000000000:0.000000000
)
===2021-18-01 10:02:18  
Array
(
    [data] => 1:11.779:39.769:101928.980:ewicsnpocje14:0.023241460:0.000000000:0.000000000
)
===2021-18-01 10:14:34  
Array
(
    [data] => 1:11.880:39.480:101916.580:ewicsnpocje14:0.000000000:0.000000000:0.000000000
)
===2021-18-01 10:26:43  
Array
(
    [data] => 1:11.979:39.721:101913.110:ewicsnpocje14:0.029188094:0.000000000:0.000000000
)
===2021-18-01 10:38:54  
Array
(
    [data] => 1:12.079:40.147:101887.190:ewicsnpocje14:0.000000000:0.000000000:0.000000000
)
===2021-18-01 10:51:04  
Array
(
    [data] => 1:12.300:39.485:101877.490:ewicsnpocje14:0.000743332:0.000000000:0.000000000
)
===2021-18-01 11:03:14  
Array
(
    [data] => 1:12.359:40.306:101861.250:ewicsnpocje14:0.000000000:0.000000000:0.000000000
)
===2021-18-01 11:15:23  
Array
(
    [data] => 1:12.350:38.938:101849.890:ewicsnpocje14:0.015758605:0.000000000:0.000000000
)
===2021-18-01 11:27:34  
Array
(
    [data] => 1:12.069:38.538:101836.880:ewicsnpocje14:0.017691260:0.000000000:0.000000000
)
===2021-18-01 11:39:43  
Array
(
    [data] => 1:11.739:37.824:101820.780:ewicsnpocje14:0.023092789:0.000000000:0.000000000
)
===2021-18-01 11:51:54  
Array
(
    [data] => 1:11.430:37.897:101826.860:ewicsnpocje14:0.030426990:0.000000000:0.000000000
)
===2021-18-01 12:04:04  
Array
(
    [data] => 1:11.539:38.941:101810.440:ewicsnpocje14:0.025818338:0.000000000:0.000000000
)
===2021-18-01 12:16:14  
Array
(
    [data] => 1:11.850:38.859:101813.550:ewicsnpocje14:0.042122039:0.000000000:0.000000000
)
===2021-18-01 12:27:16  
Array
(
    [data] => 1:12.029:39.395:101807.380:ewicsnpocje14:0.000000000:0.000000000:0.000000000
)
===2021-18-01 12:39:28  
Array
(
    [data] => 1:12.210:38.947:101801.700:ewicsnpocje14:0.046582026:0.000000000:1.668625259
)
===2021-18-01 12:51:39  
Array
(
    [data] => 1:12.199:38.503:101810.100:ewicsnpocje14:0.044599814:0.000000000:0.000000000
)
===2021-18-01 13:03:49  
Array
(
    [data] => 1:11.850:37.976:101798.950:ewicsnpocje14:0.041477828:0.000000000:0.000000000
)
===2021-18-01 13:15:59  
Array
(
    [data] => 1:11.560:37.586:101806.920:ewicsnpocje14:0.049604902:0.000000000:0.000000000
)
===2021-18-01 13:28:09  
Array
(
    [data] => 1:11.279:37.123:101813.520:ewicsnpocje14:0.093659610:0.000000000:0.000000000
)
===2021-18-01 13:40:19  
Array
(
    [data] => 1:11.050:37.502:101820.720:ewicsnpocje14:0.092519845:0.000000000:0.000000000
)
===2021-18-01 13:52:29  
Array
(
    [data] => 1:10.880:37.079:101820.060:ewicsnpocje14:0.072895913:0.000000000:0.000000000
)
===2021-18-01 14:04:39  
Array
(
    [data] => 1:10.729:37.110:101829.120:ewicsnpocje14:0.085136089:0.000000000:0.000000000
)
===2021-18-01 14:16:49  
Array
(
    [data] => 1:10.630:36.782:101835.250:ewicsnpocje14:0.087762527:0.000000000:0.000000000
)
===2021-18-01 14:28:59  
Array
(
    [data] => 1:10.529:36.718:101850.520:ewicsnpocje14:0.072846364:0.004206151:0.000000000
)
===2021-18-01 14:41:10  
Array
(
    [data] => 1:10.430:36.447:101862.860:ewicsnpocje14:0.094353380:0.008899312:0.000000000
)
===2021-18-01 14:53:26  
Array
(
    [data] => 1:10.350:36.265:101864.980:ewicsnpocje14:0.087167844:0.010006198:0.000000000
)
===2021-18-01 15:05:36  
Array
(
    [data] => 1:10.300:36.776:101862.480:ewicsnpocje14:0.052578220:0.004737443:0.000000000
)
===2021-18-01 15:18:25  
Array
(
    [data] => 1:-1000.000:-1000.000:-1000.000:ewicsnpocje14:0.051042008:0.000000000:0.000000000
)
===2021-18-01 15:31:19  
Array
(
    [data] => 1:10.159:36.105:101880.650:ewicsnpocje14:0.078076181:0.005077895:5.282526969
)
===2021-18-01 15:44:08  
Array
(
    [data] => 1:10.119:36.210:101884.610:ewicsnpocje14:0.092919616:0.005028534:0.000000000
)
===2021-18-01 15:57:14  
Array
(
    [data] => 1:10.060:35.745:101897.780:ewicsnpocje14:0.089238729:0.009707707:0.000000000
)
===2021-18-01 16:10:03  
Array
(
    [data] => 1:10.000:36.190:101888.000:ewicsnpocje14:0.113629078:0.010867547:0.000000000
)
===2021-18-01 16:22:52  
Array
(
    [data] => 1:9.970:35.924:101906.560:ewicsnpocje14:0.108494842:0.009761995:0.000000000
)
===2021-18-01 16:35:41  
Array
(
    [data] => 1:9.890:35.775:101915.100:ewicsnpocje14:0.106589078:0.002617567:0.000000000
)
===2021-18-01 16:48:30  
Array
(
    [data] => 1:9.810:35.857:101927.110:ewicsnpocje14:0.108166563:0.009819463:0.000000000
)
===2021-18-01 17:01:19  
Array
(
    [data] => 1:9.609:35.861:101939.490:ewicsnpocje14:0.115786898:0.000806432:0.000000000
)
===2021-18-01 17:14:08  
Array
(
    [data] => 1:9.670:37.371:101939.310:ewicsnpocje14:0.090780649:0.002267468:0.000000000
)
===2021-18-01 17:27:04  
Array
(
    [data] => 1:9.720:37.375:101947.480:ewicsnpocje14:0.102724289:0.007556524:0.000000000
)
===2021-18-01 17:39:53  
Array
(
    [data] => 1:9.729:37.838:101958.560:ewicsnpocje14:0.073449087:0.006901314:0.000000000
)
===2021-18-01 17:52:42  
Array
(
    [data] => 1:9.739:38.069:101972.050:ewicsnpocje14:0.127433407:0.001007444:0.000000000
)
===2021-18-01 18:05:31  
Array
(
    [data] => 1:9.750:38.245:101976.380:ewicsnpocje14:0.090385742:0.011534717:0.000000000
)
===2021-18-01 18:18:20  
Array
(
    [data] => 1:9.750:38.278:101983.890:ewicsnpocje14:0.100893211:0.007454758:0.000000000
)
===2021-18-01 18:31:09  
Array
(
    [data] => 1:9.729:38.572:101972.280:ewicsnpocje14:0.105187678:0.008865911:0.000000000
)
===2021-18-01 18:43:58  
Array
(
    [data] => 1:9.729:38.670:101983.310:ewicsnpocje14:0.105938243:0.012795138:0.000000000
)
===2021-18-01 18:56:47  
Array
(
    [data] => 1:9.699:38.746:101981.940:ewicsnpocje14:0.099727268:0.006247290:0.000000000
)
===2021-18-01 19:09:43  
Array
(
    [data] => 1:9.699:38.799:102001.860:ewicsnpocje14:0.111737453:0.009169425:0.000000000
)
===2021-18-01 19:22:32  
Array
(
    [data] => 1:9.680:38.918:102018.850:ewicsnpocje14:0.109062504:0.009875658:0.000000000
)
===2021-18-01 19:35:21  
Array
(
    [data] => 1:9.649:39.026:102034.690:ewicsnpocje14:0.130413758:0.011187218:0.000000000
)
===2021-18-01 19:48:11  
Array
(
    [data] => 1:9.640:39.080:102026.020:ewicsnpocje14:0.078293271:0.011540505:0.000000000
)
===2021-18-01 20:01:00  
Array
(
    [data] => 1:9.609:39.132:102028.150:ewicsnpocje14:0.056847667:0.010786049:0.000000000
)
===2021-18-01 20:13:48  
Array
(
    [data] => 1:9.600:39.186:102026.510:ewicsnpocje14:0.093425769:0.012097046:0.000000000
)
===2021-18-01 20:26:38  
Array
(
    [data] => 1:9.579:39.206:102036.490:ewicsnpocje14:0.091285476:0.016231685:0.000000000
)
===2021-18-01 20:39:27  
Array
(
    [data] => 1:9.569:39.106:102041.550:ewicsnpocje14:0.085441637:0.015375435:0.000000000
)
===2021-18-01 20:52:15  
Array
(
    [data] => 1:9.539:38.829:102044.490:ewicsnpocje14:0.089310655:0.009377780:0.000000000
)
===2021-18-01 21:05:04  
Array
(
    [data] => 1:9.510:38.980:102045.000:ewicsnpocje14:0.076926059:0.011396062:0.000000000
)
===2021-18-01 21:17:53  
Array
(
    [data] => 1:9.489:39.702:102046.310:ewicsnpocje14:0.091361341:0.009581624:0.000000000
)
===2021-18-01 21:30:43  
Array
(
    [data] => 1:9.460:39.326:102040.600:ewicsnpocje14:0.079189844:0.021334650:0.000000000
)
===2021-18-01 21:43:32  
Array
(
    [data] => 1:9.449:39.423:102047.020:ewicsnpocje14:0.047322044:0.017199637:0.000000000
)
===2021-18-01 21:56:21  
Array
(
    [data] => 1:9.430:39.302:102042.720:ewicsnpocje14:0.072113680:0.011248885:0.000000000
)
===2021-18-01 22:09:10  
Array
(
    [data] => 1:9.409:39.246:102052.100:ewicsnpocje14:0.071849293:0.017253220:0.000000000
)
===2021-18-01 22:21:58  
Array
(
    [data] => 1:9.390:39.639:102056.900:ewicsnpocje14:0.095035085:0.018667465:0.000000000
)
===2021-18-01 22:34:48  
Array
(
    [data] => 1:9.369:39.022:102064.400:ewicsnpocje14:0.105129194:0.007921783:0.000000000
)
===2021-18-01 22:47:37  
Array
(
    [data] => 1:9.340:39.053:102061.150:ewicsnpocje14:0.086675558:0.011556289:0.000000000
)
===2021-18-01 23:00:25  
Array
(
    [data] => 1:9.329:39.226:102040.900:ewicsnpocje14:0.087751321:0.009790479:0.000000000
)
===2021-18-01 23:13:15  
Array
(
    [data] => 1:9.310:38.437:102050.860:ewicsnpocje14:0.084696693:0.011658809:0.000000000
)
===2021-18-01 23:26:03  
Array
(
    [data] => 1:9.310:38.599:102064.560:ewicsnpocje14:0.097095260:0.011759754:0.000000000
)
===2021-18-01 23:38:53  
Array
(
    [data] => 1:9.300:38.696:102055.920:ewicsnpocje14:0.091730403:0.015848623:0.000000000
)
===2021-18-01 23:51:42  
Array
(
    [data] => 1:9.270:38.444:102070.190:ewicsnpocje14:0.077888603:0.018627203:0.000000000
)
===2021-19-01 00:04:30  
Array
(
    [data] => 1:9.260:38.968:102086.020:ewicsnpocje14:0.103603756:0.012317736:0.000000000
)
===2021-19-01 00:17:20  
Array
(
    [data] => 1:9.229:38.000:102076.800:ewicsnpocje14:0.111235475:0.018832561:0.000000000
)
===2021-19-01 00:30:09  
Array
(
    [data] => 1:9.189:38.558:102080.550:ewicsnpocje14:0.088804721:0.017775518:0.000000000
)
===2021-19-01 00:42:58  
Array
(
    [data] => 1:9.170:38.666:102086.400:ewicsnpocje14:0.096219291:0.020302317:0.000000000
)
===2021-19-01 00:55:46  
Array
(
    [data] => 1:9.149:38.598:102103.860:ewicsnpocje14:0.099446287:0.023284122:0.000000000
)
===2021-19-01 01:08:35  
Array
(
    [data] => 1:9.109:38.440:102100.250:ewicsnpocje14:0.105847680:0.011719963:0.000000000
)
===2021-19-01 01:21:25  
Array
(
    [data] => 1:9.069:38.644:102099.690:ewicsnpocje14:0.112304174:0.015006306:0.000000000
)
===2021-19-01 01:34:19  
Array
(
    [data] => 1:9.039:38.510:102102.850:ewicsnpocje14:0.099959373:0.016271700:0.000000000
)
===2021-19-01 01:47:09  
Array
(
    [data] => 1:9.000:38.815:102107.080:ewicsnpocje14:0.101205718:0.018296367:0.000000000
)
===2021-19-01 01:59:57  
Array
(
    [data] => 1:8.989:38.845:102098.440:ewicsnpocje14:0.086220588:0.015567785:0.000000000
)
===2021-19-01 02:12:47  
Array
(
    [data] => 1:8.970:38.866:102103.240:ewicsnpocje14:0.097560806:0.009553832:0.000000000
)
===2021-19-01 02:25:35  
Array
(
    [data] => 1:8.960:38.908:102098.900:ewicsnpocje14:0.099873600:0.006116746:0.000000000
)
===2021-19-01 02:38:25  
Array
(
    [data] => 1:8.920:38.971:102094.810:ewicsnpocje14:0.100099337:0.016735665:0.000000000
)
===2021-19-01 02:51:13  
Array
(
    [data] => 1:8.880:38.859:102099.050:ewicsnpocje14:0.098981742:0.017648988:0.000000000
)
===2021-19-01 03:04:03  
Array
(
    [data] => 1:8.869:38.889:102082.310:ewicsnpocje14:0.069052643:0.018610677:0.000000000
)
===2021-19-01 03:16:52  
Array
(
    [data] => 1:8.859:38.877:102075.060:ewicsnpocje14:0.100814223:0.015273587:0.000000000
)
===2021-19-01 03:29:40  
Array
(
    [data] => 1:8.829:38.732:102078.240:ewicsnpocje14:0.082280998:0.014972198:0.000000000
)
===2021-19-01 03:42:30  
Array
(
    [data] => 1:8.800:38.873:102086.780:ewicsnpocje14:0.088038673:0.015682485:0.000000000
)
===2021-19-01 03:55:19  
Array
(
    [data] => 1:8.800:38.872:102081.880:ewicsnpocje14:0.105721652:0.011433031:0.000000000
)
===2021-19-01 04:08:08  
Array
(
    [data] => 1:8.770:38.903:102102.820:ewicsnpocje14:0.120888328:0.017202496:0.000000000
)
===2021-19-01 04:20:57  
Array
(
    [data] => 1:8.750:39.000:102098.500:ewicsnpocje14:0.109176325:0.010727249:0.000000000
)
===2021-19-01 04:33:46  
Array
(
    [data] => 1:8.729:38.680:102110.550:ewicsnpocje14:0.096280345:0.015130848:0.000000000
)
===2021-19-01 04:46:35  
Array
(
    [data] => 1:8.720:38.842:102142.020:ewicsnpocje14:0.089240484:0.015536408:0.000000000
)
===2021-19-01 04:59:23  
Array
(
    [data] => 1:8.710:38.810:102143.080:ewicsnpocje14:0.093221197:0.015790152:0.000000000
)
===2021-19-01 05:12:14  
Array
(
    [data] => 1:8.689:38.786:102143.310:ewicsnpocje14:0.097849941:0.012349851:0.000000000
)
===2021-19-01 05:25:03  
Array
(
    [data] => 1:8.680:38.763:102157.000:ewicsnpocje14:0.086508150:0.012097315:0.000000000
)
===2021-19-01 05:37:51  
Array
(
    [data] => 1:8.659:38.739:102169.880:ewicsnpocje14:0.110923540:0.010326694:0.000000000
)
===2021-19-01 05:50:41  
Array
(
    [data] => 1:8.640:38.727:102179.020:ewicsnpocje14:0.117597174:0.007998866:0.000000000
)
===2021-19-01 06:03:30  
Array
(
    [data] => 1:8.630:38.683:102191.890:ewicsnpocje14:0.099855432:0.004860293:0.000000000
)
===2021-19-01 06:16:19  
Array
(
    [data] => 1:8.619:38.504:102206.400:ewicsnpocje14:0.086629772:0.016809267:0.000000000
)
===2021-19-01 06:29:07  
Array
(
    [data] => 1:8.609:38.679:102218.220:ewicsnpocje14:0.118144488:0.011392338:0.000000000
)
===2021-19-01 06:41:57  
Array
(
    [data] => 1:8.579:38.677:102211.440:ewicsnpocje14:0.107667052:0.014888036:0.000000000
)
===2021-19-01 06:54:46  
Array
(
    [data] => 1:8.579:38.710:102206.050:ewicsnpocje14:0.113529062:0.013571403:0.000000000
)
===2021-19-01 07:07:34  
Array
(
    [data] => 1:8.579:38.711:102235.400:ewicsnpocje14:0.121811139:0.015596995:0.000000000
)
===2021-19-01 07:20:24  
Array
(
    [data] => 1:8.619:39.032:102246.750:ewicsnpocje14:0.090662803:0.009518488:0.000000000
)
===2021-19-01 07:33:13  
Array
(
    [data] => 1:8.670:38.880:102240.640:ewicsnpocje14:0.103984642:0.009769424:0.000000000
)
===2021-19-01 07:46:02  
Array
(
    [data] => 1:8.699:38.885:102256.900:ewicsnpocje14:0.090428085:0.003998330:0.000000000
)
===2021-19-01 07:58:51  
Array
(
    [data] => 1:8.739:38.877:102274.450:ewicsnpocje14:0.108534204:0.013713287:0.000000000
)
===2021-19-01 08:11:40  
Array
(
    [data] => 1:8.739:38.868:102287.680:ewicsnpocje14:0.102083432:0.013308455:0.000000000
)
===2021-19-01 08:24:29  
Array
(
    [data] => 1:8.760:38.956:102281.480:ewicsnpocje14:0.114763700:0.011738715:0.000000000
)
===2021-19-01 08:37:21  
Array
(
    [data] => 1:8.760:38.923:102283.110:ewicsnpocje14:0.078372592:0.012649482:0.000000000
)
===2021-19-01 08:50:10  
Array
(
    [data] => 1:8.770:38.400:102296.320:ewicsnpocje14:0.094979839:0.019175725:0.000000000
)
===2021-19-01 09:02:59  
Array
(
    [data] => 1:8.779:38.706:102313.300:ewicsnpocje14:0.093956031:0.006779498:0.000000000
)
===2021-19-01 09:15:48  
Array
(
    [data] => 1:8.800:38.884:102295.050:ewicsnpocje14:0.096853284:0.014013052:0.000000000
)
===2021-19-01 09:28:37  
Array
(
    [data] => 1:8.800:38.817:102291.520:ewicsnpocje14:0.066270866:0.011787153:0.000000000
)
===2021-19-01 09:41:26  
Array
(
    [data] => 1:8.800:38.698:102292.120:ewicsnpocje14:0.092714719:0.015986011:0.000000000
)
===2021-19-01 09:54:15  
Array
(
    [data] => 1:8.819:38.832:102275.980:ewicsnpocje14:0.072555408:0.013404765:0.000000000
)
===2021-19-01 10:07:04  
Array
(
    [data] => 1:8.850:38.920:102259.360:ewicsnpocje14:0.095980319:0.007030212:0.000000000
)
===2021-19-01 10:19:54  
Array
(
    [data] => 1:8.850:38.603:102249.400:ewicsnpocje14:0.102160465:0.010014262:0.000000000
)
===2021-19-01 10:32:43  
Array
(
    [data] => 1:8.859:38.143:102230.350:ewicsnpocje14:0.103286206:0.014312665:0.000000000
)
===2021-19-01 10:45:32  
Array
(
    [data] => 1:8.890:38.737:102211.020:ewicsnpocje14:0.094304141:0.007989719:0.000000000
)
===2021-19-01 10:58:21  
Array
(
    [data] => 1:8.909:38.674:102190.080:ewicsnpocje14:0.094836330:0.010567715:0.000000000
)
===2021-19-01 11:11:10  
Array
(
    [data] => 1:8.930:38.698:102167.490:ewicsnpocje14:0.090909004:0.014358656:0.000000000
)
===2021-19-01 11:23:59  
Array
(
    [data] => 1:8.930:38.721:102148.400:ewicsnpocje14:0.099613056:0.010566759:0.000000000
)
===2021-19-01 11:36:48  
Array
(
    [data] => 1:8.949:38.766:102129.320:ewicsnpocje14:0.121044266:0.018755540:0.000000000
)
===2021-19-01 11:49:37  
Array
(
    [data] => 1:8.979:38.725:102120.780:ewicsnpocje14:0.094764633:0.015821236:0.000000000
)
===2021-19-01 12:02:26  
Array
(
    [data] => 1:9.020:38.574:102104.980:ewicsnpocje14:0.105336344:0.015009734:0.000000000
)
===2021-19-01 12:15:15  
Array
(
    [data] => 1:9.039:38.653:102085.880:ewicsnpocje14:0.091741313:0.011925841:0.000000000
)
===2021-19-01 12:28:04  
Array
(
    [data] => 1:9.060:38.491:102099.920:ewicsnpocje14:0.097751846:0.015158592:0.000000000
)
===2021-19-01 12:40:53  
Array
(
    [data] => 1:9.079:39.073:102087.860:ewicsnpocje14:0.089959039:0.012984664:0.000000000
)
===2021-19-01 12:53:42  
Array
(
    [data] => 1:9.109:38.747:102075.780:ewicsnpocje14:0.106331002:0.011719963:0.000000000
)
===2021-19-01 13:06:31  
Array
(
    [data] => 1:9.140:38.793:102091.480:ewicsnpocje14:0.112282884:0.013132641:0.000000000
)
===2021-19-01 13:19:20  
Array
(
    [data] => 1:9.159:38.522:102079.390:ewicsnpocje14:0.100678586:0.013434482:0.000000000
)
===2021-19-01 13:32:09  
Array
(
    [data] => 1:9.189:38.535:102068.140:ewicsnpocje14:0.109314656:0.007827296:0.000000000
)
===2021-19-01 13:44:58  
Array
(
    [data] => 1:9.199:39.073:102067.080:ewicsnpocje14:0.074413561:0.013028060:0.000000000
)
===2021-19-01 13:57:47  
Array
(
    [data] => 1:9.239:39.174:102082.750:ewicsnpocje14:0.110051417:0.015651011:0.000000000
)
===2021-19-01 14:10:49  
Array
(
    [data] => 1:9.260:39.263:102086.850:ewicsnpocje14:0.084869203:0.011863396:0.000000000
)
===2021-19-01 14:23:37  
Array
(
    [data] => 1:9.279:39.803:102092.800:ewicsnpocje14:0.101987826:0.008934592:0.000000000
)
===2021-19-01 14:36:26  
Array
(
    [data] => 1:9.300:39.640:102084.490:ewicsnpocje14:0.098815488:0.007066268:0.000000000
)
===2021-19-01 14:49:15  
Array
(
    [data] => 1:9.319:39.391:102104.720:ewicsnpocje14:0.100634980:0.010144211:0.000000000
)
===2021-19-01 15:02:04  
Array
(
    [data] => 1:9.329:39.435:102117.120:ewicsnpocje14:0.095265197:0.015795979:0.000000000
)
===2021-19-01 15:14:53  
Array
(
    [data] => 1:9.340:39.196:102110.690:ewicsnpocje14:0.093920888:0.018116622:0.000000000
)
===2021-19-01 15:27:42  
Array
(
    [data] => 1:9.350:39.284:102113.140:ewicsnpocje14:0.081199121:0.015037621:0.000000000
)
===2021-19-01 15:40:31  
Array
(
    [data] => 1:9.369:39.428:102116.650:ewicsnpocje14:0.094879236:0.009435503:0.000000000
)
===2021-19-01 15:53:20  
Array
(
    [data] => 1:9.390:39.691:102113.720:ewicsnpocje14:0.095840024:0.010796853:0.000000000
)
===2021-19-01 16:06:09  
Array
(
    [data] => 1:9.380:39.747:102119.680:ewicsnpocje14:0.098311100:0.005297768:0.000000000
)
===2021-19-01 16:18:59  
Array
(
    [data] => 1:9.390:40.383:102147.680:ewicsnpocje14:0.069867682:0.004591186:0.000000000
)
===2021-19-01 16:31:48  
Array
(
    [data] => 1:9.390:39.988:102155.750:ewicsnpocje14:0.113494753:0.013723118:0.000000000
)
===2021-19-01 16:44:38  
Array
(
    [data] => 1:9.369:40.547:102174.610:ewicsnpocje14:0.104002249:0.008375894:0.000000000
)
===2021-19-01 16:57:27  
Array
(
    [data] => 1:9.369:40.216:102186.690:ewicsnpocje14:0.093108310:0.008577723:0.000000000
)
===2021-19-01 17:10:16  
Array
(
    [data] => 1:9.350:40.259:102197.450:ewicsnpocje14:0.112380015:0.000555082:0.000000000
)
===2021-19-01 17:23:04  
Array
(
    [data] => 1:9.340:40.303:102210.350:ewicsnpocje14:0.107552838:0.007519152:0.000000000
)
===2021-19-01 17:35:54  
Array
(
    [data] => 1:9.329:40.410:102228.380:ewicsnpocje14:0.086624250:0.007469022:0.000000000
)
===2021-19-01 17:48:43  
Array
(
    [data] => 1:9.319:40.366:102217.850:ewicsnpocje14:0.091403398:0.011961083:0.000000000
)
===2021-19-01 18:01:31  
Array
(
    [data] => 1:9.310:40.594:102220.780:ewicsnpocje14:0.072405481:0.003280621:0.000000000
)
===2021-19-01 18:14:20  
Array
(
    [data] => 1:9.310:40.155:102217.020:ewicsnpocje14:0.050560379:0.009690437:0.000000000
)
===2021-19-01 18:27:09  
Array
(
    [data] => 1:9.310:40.429:102236.940:ewicsnpocje14:0.050292015:0.010750324:0.000000000
)
===2021-19-01 18:39:59  
Array
(
    [data] => 1:9.300:40.013:102236.110:ewicsnpocje14:0.087490091:0.009943242:0.000000000
)
===2021-19-01 18:52:48  
Array
(
    [data] => 1:9.289:40.461:102237.990:ewicsnpocje14:0.098013010:0.004694236:0.000000000
)
===2021-19-01 19:05:37  
Array
(
    [data] => 1:9.279:41.030:102249.000:ewicsnpocje14:0.093775119:0.012165187:0.000000000
)
===2021-19-01 19:18:25  
Array
(
    [data] => 1:9.279:40.470:102252.750:ewicsnpocje14:0.080463018:0.006965951:0.000000000
)
===2021-19-01 19:31:15  
Array
(
    [data] => 1:9.260:40.480:102244.900:ewicsnpocje14:0.079501128:0.006310317:0.000000000
)
===2021-19-01 19:44:04  
Array
(
    [data] => 1:9.239:40.840:102235.190:ewicsnpocje14:0.083746442:0.013530558:0.000000000
)
===2021-19-01 19:56:53  
Array
(
    [data] => 1:9.220:40.533:102244.320:ewicsnpocje14:0.082516183:0.008381626:0.000000000
)
===2021-19-01 20:09:42  
Array
(
    [data] => 1:9.220:40.542:102254.510:ewicsnpocje14:0.060934209:0.012168505:0.000000000
)
===2021-19-01 20:22:30  
Array
(
    [data] => 1:9.199:40.682:102263.890:ewicsnpocje14:0.083540744:0.009089332:0.000000000
)
===2021-19-01 20:35:20  
Array
(
    [data] => 1:9.170:40.232:102276.520:ewicsnpocje14:0.089668636:0.009999639:0.000000000
)
===2021-19-01 20:48:08  
Array
(
    [data] => 1:9.159:40.549:102271.380:ewicsnpocje14:0.105350089:0.010757682:0.000000000
)
===2021-19-01 21:00:58  
Array
(
    [data] => 1:9.149:40.547:102256.510:ewicsnpocje14:0.108198857:0.011414773:0.000000000
)
===2021-19-01 21:13:47  
Array
(
    [data] => 1:9.140:40.129:102242.240:ewicsnpocje14:0.081835994:0.010051527:0.000000000
)
===2021-19-01 21:26:37  
Array
(
    [data] => 1:9.109:40.543:102244.350:ewicsnpocje14:0.096449737:0.006819802:0.000000000
)
===2021-19-01 21:39:25  
Array
(
    [data] => 1:9.100:40.543:102254.300:ewicsnpocje14:0.087054147:0.009548163:0.000000000
)
===2021-19-01 21:52:14  
Array
(
    [data] => 1:9.090:40.137:102246.450:ewicsnpocje14:0.066809568:0.009750686:0.000000000
)
===2021-19-01 22:05:04  
Array
(
    [data] => 1:9.090:40.541:102244.810:ewicsnpocje14:0.101932919:0.007729821:0.000000000
)
===2021-19-01 22:17:53  
Array
(
    [data] => 1:9.069:40.506:102252.310:ewicsnpocje14:0.097426948:0.011216835:0.000000000
)
===2021-19-01 22:30:42  
Array
(
    [data] => 1:9.050:40.494:102253.380:ewicsnpocje14:0.064614639:0.011167340:0.000000000
)
===2021-19-01 22:43:30  
Array
(
    [data] => 1:9.039:40.789:102225.880:ewicsnpocje14:0.097703437:0.013138638:0.000000000
)
===2021-19-01 22:56:19  
Array
(
    [data] => 1:9.020:40.556:102220.720:ewicsnpocje14:0.098729333:0.015717267:0.000000000
)
===2021-19-01 23:09:08  
Array
(
    [data] => 1:9.000:40.862:102225.520:ewicsnpocje14:0.100614798:0.015516533:0.000000000
)
===2021-19-01 23:21:58  
Array
(
    [data] => 1:8.989:40.466:102215.810:ewicsnpocje14:0.098415021:0.018095026:0.000000000
)
===2021-19-01 23:34:46  
Array
(
    [data] => 1:8.979:40.500:102210.650:ewicsnpocje14:0.118402075:0.009856683:0.000000000
)
===2021-19-01 23:47:36  
Array
(
    [data] => 1:8.970:40.487:102213.600:ewicsnpocje14:0.113086712:0.016074704:0.000000000
)
===2021-20-01 00:00:24  
Array
(
    [data] => 1:8.960:40.496:102213.600:ewicsnpocje14:0.103043329:0.005712343:0.000000000
)
===2021-20-01 00:13:14  
Array
(
    [data] => 1:8.960:40.650:102230.560:ewicsnpocje14:0.097079925:0.012486270:0.000000000
)
===2021-20-01 00:26:03  
Array
(
    [data] => 1:8.949:40.473:102236.190:ewicsnpocje14:0.110299098:0.014155116:0.000000000
)
===2021-20-01 00:38:51  
Array
(
    [data] => 1:8.960:40.397:102238.050:ewicsnpocje14:0.089719657:0.012941231:0.000000000
)
===2021-20-01 00:51:47  
Array
(
    [data] => 1:8.930:40.242:102236.400:ewicsnpocje14:0.103588998:0.011224008:0.000000000
)
===2021-20-01 01:04:36  
Array
(
    [data] => 1:8.930:40.713:102235.600:ewicsnpocje14:0.095314779:0.011679042:0.000000000
)
===2021-20-01 01:17:24  
Array
(
    [data] => 1:8.930:40.099:102237.480:ewicsnpocje14:0.110358810:0.015369815:0.000000000
)
===2021-20-01 01:30:14  
Array
(
    [data] => 1:8.920:40.591:102233.980:ewicsnpocje14:0.082851943:0.008393112:0.000000000
)
===2021-20-01 01:43:03  
Array
(
    [data] => 1:8.920:40.197:102247.420:ewicsnpocje14:0.073664083:0.013044724:0.000000000
)
===2021-20-01 01:55:51  
Array
(
    [data] => 1:8.920:40.405:102235.010:ewicsnpocje14:0.090750274:0.017089593:0.000000000
)
===2021-20-01 02:08:40  
Array
(
    [data] => 1:8.899:40.239:102230.450:ewicsnpocje14:0.081566839:0.015776445:0.000000000
)
===2021-20-01 02:21:29  
Array
(
    [data] => 1:8.890:40.379:102223.650:ewicsnpocje14:0.089575500:0.017041368:0.000000000
)
===2021-20-01 02:34:19  
Array
(
    [data] => 1:8.859:40.138:102227.400:ewicsnpocje14:0.084585075:0.013452886:0.000000000
)
===2021-20-01 02:47:08  
Array
(
    [data] => 1:8.859:40.376:102224.140:ewicsnpocje14:0.100384330:0.012694274:0.000000000
)
===2021-20-01 02:59:56  
Array
(
    [data] => 1:8.840:40.366:102225.190:ewicsnpocje14:0.072551488:0.017146420:0.000000000
)
===2021-20-01 03:12:46  
Array
(
    [data] => 1:8.840:40.366:102222.500:ewicsnpocje14:0.086363134:0.007283439:0.000000000
)
===2021-20-01 03:25:35  
Array
(
    [data] => 1:8.819:40.340:102226.480:ewicsnpocje14:0.098514137:0.015478716:0.000000000
)
===2021-20-01 03:38:24  
Array
(
    [data] => 1:8.810:40.274:102229.180:ewicsnpocje14:0.074169778:0.010218437:0.000000000
)
===2021-20-01 03:51:12  
Array
(
    [data] => 1:8.789:40.109:102220.510:ewicsnpocje14:0.096802167:0.010725286:0.000000000
)
===2021-20-01 04:04:02  
Array
(
    [data] => 1:8.789:40.580:102240.180:ewicsnpocje14:0.101424598:0.022209439:0.000000000
)
===2021-20-01 04:16:51  
Array
(
    [data] => 1:8.779:40.415:102239.600:ewicsnpocje14:0.093042249:0.016341638:0.000000000
)
===2021-20-01 04:29:40  
Array
(
    [data] => 1:8.770:40.118:102244.980:ewicsnpocje14:0.096968660:0.013863195:0.000000000
)
===2021-20-01 04:42:29  
Array
(
    [data] => 1:8.770:40.215:102253.280:ewicsnpocje14:0.089174623:0.015735230:0.000000000
)
===2021-20-01 04:55:18  
Array
(
    [data] => 1:8.760:40.149:102261.580:ewicsnpocje14:0.086865653:0.007943872:0.000000000
)
===2021-20-01 05:08:07  
Array
(
    [data] => 1:8.739:40.135:102263.690:ewicsnpocje14:0.116651415:0.012650638:0.000000000
)
===2021-20-01 05:20:56  
Array
(
    [data] => 1:8.729:40.124:102277.380:ewicsnpocje14:0.094076271:0.013865730:0.000000000
)
===2021-20-01 05:33:45  
Array
(
    [data] => 1:8.689:40.098:102306.390:ewicsnpocje14:0.096290788:0.012552297:0.000000000
)
===2021-20-01 05:46:35  
Array
(
    [data] => 1:8.899:40.436:102316.810:ewicsnpocje14:0.106660211:0.008646715:0.000000000
)
===2021-20-01 05:59:30  
Array
(
    [data] => 1:9.390:41.632:102320.060:ewicsnpocje14:0.087522430:0.000000000:0.000000000
)
===2021-20-01 06:13:07  
Array
(
    [data] => 1:9.560:40.849:102318.240:ewicsnpocje14:0.000000000:0.000000000:0.000000000
)
===2021-20-01 06:26:03  
Array
(
    [data] => 1:9.199:39.883:102332.850:ewicsnpocje14:0.089929809:0.000000000:4.321833133
)
===2021-20-01 06:38:59  
Array
(
    [data] => 1:9.050:40.440:102341.390:ewicsnpocje14:0.073638129:0.000000000:0.000000000
)
===2021-20-01 06:51:48  
Array
(
    [data] => 1:9.050:40.855:102341.390:ewicsnpocje14:0.050864553:0.001566459:0.000000000
)
===2021-20-01 07:04:37  
Array
(
    [data] => 1:9.390:41.730:102357.760:ewicsnpocje14:0.000000000:0.000000000:0.000000000
)
===2021-20-01 09:28:54  
Array
(
    [data] => deviceID=2:-1000.00:-1000.00:-1000.00::ewicsnpocje14
)
